[0m17:47:10.109592 [debug] [MainThread]: Sending event: {'category': 'dbt', 'action': 'invocation', 'label': 'start', 'context': [<snowplow_tracker.self_describing_json.SelfDescribingJson object at 0x7f9bb887da30>, <snowplow_tracker.self_describing_json.SelfDescribingJson object at 0x7f9bb6c7e9f0>, <snowplow_tracker.self_describing_json.SelfDescribingJson object at 0x7f9bb7395dc0>]}


============================== 17:47:10.120822 | fa387396-2bef-44de-83db-9447ad16e553 ==============================
[0m17:47:10.120822 [info ] [MainThread]: Running with dbt=1.11.0-b3
[0m17:47:10.122063 [debug] [MainThread]: running dbt with arguments {'no_print': 'None', 'log_path': 'logs', 'debug': 'False', 'partial_parse': 'True', 'use_experimental_parser': 'False', 'warn_error': 'None', 'empty': 'None', 'log_format': 'default', 'profiles_dir': '/home/wsladmin/.dbt', 'version_check': 'True', 'use_colors': 'True', 'write_json': 'True', 'static_parser': 'True', 'send_anonymous_usage_stats': 'True', 'indirect_selection': 'eager', 'quiet': 'False', 'target_path': 'None', 'printer_width': '80', 'fail_fast': 'False', 'log_cache_events': 'False', 'invocation_command': 'dbt init tata_consumer_dbt', 'cache_selected_only': 'False', 'warn_error_options': 'WarnErrorOptionsV2(error=[], warn=[], silence=[])', 'introspect': 'True'}
[0m17:47:10.292739 [info ] [MainThread]: Creating dbt configuration folder at /home/wsladmin/.dbt
[0m17:47:10.321816 [debug] [MainThread]: Starter project path: /mnt/c/Users/HP/Learning/DE_Development/venv_linux/lib/python3.12/site-packages/dbt/include/starter_project
[0m17:47:10.584607 [info ] [MainThread]: 
Your new dbt project "tata_consumer_dbt" was created!

For more information on how to configure the profiles.yml file,
please consult the dbt documentation here:

  https://docs.getdbt.com/docs/configure-your-profile

One more thing:

Need help? Don't hesitate to reach out to us via GitHub issues or on Slack:

  https://community.getdbt.com/

Happy modeling!

[0m17:47:10.585683 [info ] [MainThread]: Setting up your profile.
[0m17:53:13.047871 [info ] [MainThread]: Profile tata_consumer_dbt written to /home/wsladmin/.dbt/profiles.yml using target's profile_template.yml and your supplied values. Run 'dbt debug' to validate the connection.
[0m17:53:13.052700 [debug] [MainThread]: Resource report: {"command_name": "init", "command_success": true, "command_wall_clock_time": 347.22556, "process_in_blocks": "29296", "process_kernel_time": 1.306335, "process_mem_max_rss": "138024", "process_out_blocks": "8", "process_user_time": 3.219551}
[0m17:53:13.054589 [debug] [MainThread]: Command `dbt init` succeeded at 17:53:13.054401 after 347.23 seconds
[0m17:53:13.055672 [debug] [MainThread]: Sending event: {'category': 'dbt', 'action': 'invocation', 'label': 'end', 'context': [<snowplow_tracker.self_describing_json.SelfDescribingJson object at 0x7f9bb71f5430>, <snowplow_tracker.self_describing_json.SelfDescribingJson object at 0x7f9bb555c320>, <snowplow_tracker.self_describing_json.SelfDescribingJson object at 0x7f9bb56571d0>]}
[0m17:53:13.056791 [debug] [MainThread]: Flushing usage events
[0m17:53:14.135593 [debug] [MainThread]: An error was encountered while trying to flush usage events
